<?xml version="1.0" encoding="UTF-8"?>
<testng-results ignored="0" total="1" passed="1" failed="0" skipped="0">
  <reporter-output>
  </reporter-output>
  <suite started-at="2022-04-25T13:45:43 CEST" name="SeleniumTest" finished-at="2022-04-25T13:45:43 CEST" duration-ms="45">
    <groups>
    </groups>
    <test started-at="2022-04-25T13:45:43 CEST" name="Command line test" finished-at="2022-04-25T13:45:43 CEST" duration-ms="45">
      <class name="SeleniumTest">
        <test-method signature="sampleTest()[pri:0, instance:SeleniumTest@6a79c292]" started-at="2022-04-25T13:45:43 CEST" name="sampleTest" finished-at="2022-04-25T13:45:43 CEST" duration-ms="10" status="PASS">
          <reporter-output>
          </reporter-output>
        </test-method> <!-- sampleTest -->
      </class> <!-- SeleniumTest -->
    </test> <!-- Command line test -->
  </suite> <!-- SeleniumTest -->
</testng-results>
